d:\suikajy\vscode\cppnote2\cppnote2\debug\cppnote2.pch
d:\suikajy\vscode\cppnote2\cppnote2\debug\vc140.pdb
d:\suikajy\vscode\cppnote2\cppnote2\debug\vc140.idb
d:\suikajy\vscode\cppnote2\cppnote2\debug\stdafx.obj
d:\suikajy\vscode\cppnote2\cppnote2\debug\main.obj
d:\suikajy\vscode\cppnote2\cppnote2\debug\graph.obj
d:\suikajy\vscode\cppnote2\cppnote2\debug\simple_window.obj
d:\suikajy\vscode\cppnote2\cppnote2\debug\window.obj
d:\suikajy\vscode\cppnote2\cppnote2\debug\ch12_fltk.obj
d:\suikajy\vscode\cppnote2\cppnote2\debug\gui.obj
d:\suikajy\vscode\cppnote2\debug\cppnote2.ilk
d:\suikajy\vscode\cppnote2\debug\cppnote2.exe
d:\suikajy\vscode\cppnote2\debug\cppnote2.pdb
d:\suikajy\vscode\cppnote2\cppnote2\debug\cppnote2.tlog\cl.command.1.tlog
d:\suikajy\vscode\cppnote2\cppnote2\debug\cppnote2.tlog\cl.read.1.tlog
d:\suikajy\vscode\cppnote2\cppnote2\debug\cppnote2.tlog\cl.write.1.tlog
d:\suikajy\vscode\cppnote2\cppnote2\debug\cppnote2.tlog\link.command.1.tlog
d:\suikajy\vscode\cppnote2\cppnote2\debug\cppnote2.tlog\link.read.1.tlog
d:\suikajy\vscode\cppnote2\cppnote2\debug\cppnote2.tlog\link.write.1.tlog
d:\suikajy\vscode\cppnote2\cppnote2\debug\cppnote2.tlog\rc.command.1.tlog
d:\suikajy\vscode\cppnote2\cppnote2\debug\cppnote2.tlog\rc.read.1.tlog
d:\suikajy\vscode\cppnote2\cppnote2\debug\cppnote2.tlog\rc.write.1.tlog
