生成启动时间为 2018/8/15 14:41:15。
     1>项目“D:\suikajy\VSCode\CppNote2\CppNote2\CppNote2.vcxproj”在节点 2 上(Build 个目标)。
     1>ClCompile:
         C:\Program Files (x86)\Microsoft Visual Studio 14.0\VC\bin\CL.exe /c /ID:\suikajy\VSCode\CppNote2\packages\fltk.1.3.3.33\build\native\include /ZI /nologo /W3 /WX- /sdl /Od /Oy- /D WIN32 /D _DEBUG /D _CONSOLE /D _UNICODE /D UNICODE /Gm /EHsc /RTC1 /MDd /GS /fp:precise /Zc:wchar_t /Zc:forScope /Zc:inline /Yu"stdafx.h" /Fp"Debug\CppNote2.pch" /Fo"Debug\\" /Fd"Debug\vc140.pdb" /Gd /TP /analyze- /errorReport:prompt ch15.cpp
         ch15.cpp
       Link:
         C:\Program Files (x86)\Microsoft Visual Studio 14.0\VC\bin\link.exe /ERRORREPORT:PROMPT /OUT:"D:\suikajy\VSCode\CppNote2\Debug\CppNote2.exe" /INCREMENTAL /NOLOGO /LIBPATH:D:\suikajy\VSCode\CppNote2\packages\fltk.1.3.3.33\build\native\..\..\lib\native\v140\windesktop\msvcstl\Win32\Debug kernel32.lib user32.lib gdi32.lib winspool.lib comdlg32.lib advapi32.lib shell32.lib ole32.lib oleaut32.lib uuid.lib odbc32.lib odbccp32.lib /MANIFEST /MANIFESTUAC:"level='asInvoker' uiAccess='false'" /manifest:embed /Debug /PDB:"D:\suikajy\VSCode\CppNote2\Debug\CppNote2.pdb" /SUBSYSTEM:CONSOLE /TLBID:1 /DYNAMICBASE /NXCOMPAT /IMPLIB:"D:\suikajy\VSCode\CppNote2\Debug\CppNote2.lib" /MACHINE:X86 Debug\CppNote2.res
         Debug\ch12_fltk.obj
         Debug\ch13.obj
         Debug\ch15.obj
         Debug\Main.obj
         Debug\Graph.obj
         Debug\GUI.obj
         Debug\Simple_Window.obj
         Debug\stdafx.obj
         Debug\Vector_ref.obj
         Debug\Window.obj
         CppNote2.vcxproj -> D:\suikajy\VSCode\CppNote2\Debug\CppNote2.exe
     1>已完成生成项目“D:\suikajy\VSCode\CppNote2\CppNote2\CppNote2.vcxproj”(Build 个目标)的操作。

已成功生成。

已用时间 00:00:00.86
